2022-02-11 18:21:24,071 [main_imagenet.py] => lr:0.001
 epochs:101
 batch_size:64
 optim_type:adam
 weight_decay:0.0002
 milestones:[45, 90]
 train_root:/data15/data15_5/Public/Datasets/ilsvrc2012/ilsvrc2012
 test_root:/data15/data15_5/Public/Datasets/ilsvrc2012/ilsvrc2012
 net_type:resnet18_cbam

2022-02-11 18:23:44,343 [main_imagenet.py] => lr:0.001
 epochs:101
 batch_size:64
 optim_type:adam
 weight_decay:0.0002
 milestones:[45, 90]
 train_root:/data15/data15_5/Public/Datasets/ilsvrc2012/ilsvrc2012
 test_root:/data15/data15_5/Public/Datasets/ilsvrc2012/ilsvrc2012
 net_type:resnet18_cbam

2022-02-11 18:26:08,579 [main_imagenet.py] => lr:0.001
 epochs:101
 batch_size:64
 optim_type:adam
 weight_decay:0.0002
 milestones:[45, 90]
 train_root:/data15/data15_5/Public/Datasets/ilsvrc2012/ilsvrc2012/train
 test_root:/data15/data15_5/Public/Datasets/ilsvrc2012/ilsvrc2012/val
 net_type:resnet18_cbam

2022-02-11 18:33:28,136 [main_imagenet.py] => Epoch 1/101 => Loss 4.331, Train_accy 8.79, Test_accy 14.69
2022-02-11 18:33:28,706 [main_imagenet.py] => Epoch 1/101 => Loss 4.197, Train_accy 10.30, Test_accy 16.46
2022-02-11 18:36:15,428 [main_imagenet.py] => Epoch 2/101 => Loss 3.237, Train_accy 24.54, Test_accy 28.93
2022-02-11 18:36:16,601 [main_imagenet.py] => Epoch 2/101 => Loss 3.379, Train_accy 22.26, Test_accy 25.51
2022-02-11 18:39:02,636 [main_imagenet.py] => Epoch 3/101 => Loss 2.820, Train_accy 32.16, Test_accy 32.69
2022-02-11 18:39:02,955 [main_imagenet.py] => Epoch 3/101 => Loss 2.935, Train_accy 30.18, Test_accy 29.56
2022-02-11 18:41:49,421 [main_imagenet.py] => Epoch 4/101 => Loss 2.610, Train_accy 36.24, Test_accy 35.09
2022-02-11 18:41:50,763 [main_imagenet.py] => Epoch 4/101 => Loss 2.694, Train_accy 34.76, Test_accy 35.29
2022-02-11 18:44:37,510 [main_imagenet.py] => Epoch 5/101 => Loss 2.474, Train_accy 39.08, Test_accy 38.89
2022-02-11 18:44:38,306 [main_imagenet.py] => Epoch 5/101 => Loss 2.547, Train_accy 37.58, Test_accy 37.93
2022-02-11 18:47:25,069 [main_imagenet.py] => Epoch 6/101 => Loss 2.378, Train_accy 41.15, Test_accy 39.45
2022-02-11 18:47:26,839 [main_imagenet.py] => Epoch 6/101 => Loss 2.443, Train_accy 39.86, Test_accy 39.10
